<?xml version="1.0" encoding="UTF-8"?>
<!-- Generated by org.testng.reporters.JUnitReportReporter -->
<testsuite skipped="0" hostname="DESKTOP-9KMBQK4" name="com.qa.linkedin.test.SearchDDTest" tests="4" failures="0" timestamp="2020-12-20T17:20:50 IST" time="34.003" errors="0">
  <testcase name="searchPeopleTest" time="7.464" classname="com.qa.linkedin.test.SearchDDTest"/>
  <testcase name="searchPeopleTest" time="13.454" classname="com.qa.linkedin.test.SearchDDTest"/>
  <testcase name="searchPeopleTest" time="7.262" classname="com.qa.linkedin.test.SearchDDTest"/>
  <testcase name="searchPeopleTest" time="5.823" classname="com.qa.linkedin.test.SearchDDTest"/>
</testsuite> <!-- com.qa.linkedin.test.SearchDDTest -->
